<?xml version="1.0" encoding="UTF-8"?>
<coverage generated="1764503784340" clover="3.2.0">
  <project timestamp="1764503784340" name="All files">
    <metrics statements="20" coveredstatements="19" conditionals="28" coveredconditionals="27" methods="1" coveredmethods="1" elements="49" coveredelements="47" complexity="0" loc="20" ncloc="20" packages="1" files="1" classes="1"/>
    <file name="validateProduct.js" path="C:\Users\tuanv\Desktop\Doantesting\Software-Testing\frontend\src\utils\validateProduct\validateProduct.js">
      <metrics statements="20" coveredstatements="19" conditionals="28" coveredconditionals="27" methods="1" coveredmethods="1"/>
      <line num="2" count="10" type="stmt"/>
      <line num="4" count="10" type="cond" truecount="4" falsecount="0"/>
      <line num="5" count="1" type="stmt"/>
      <line num="6" count="9" type="cond" truecount="2" falsecount="0"/>
      <line num="10" count="2" type="stmt"/>
      <line num="13" count="10" type="stmt"/>
      <line num="14" count="10" type="cond" truecount="5" falsecount="0"/>
      <line num="15" count="2" type="stmt"/>
      <line num="18" count="10" type="stmt"/>
      <line num="19" count="10" type="cond" truecount="5" falsecount="0"/>
      <line num="20" count="2" type="stmt"/>
      <line num="23" count="10" type="cond" truecount="3" falsecount="1"/>
      <line num="24" count="0" type="stmt"/>
      <line num="26" count="10" type="stmt"/>
      <line num="27" count="10" type="cond" truecount="2" falsecount="0"/>
      <line num="28" count="1" type="stmt"/>
      <line num="31" count="10" type="stmt"/>
      <line num="33" count="10" type="cond" truecount="4" falsecount="0"/>
      <line num="34" count="1" type="stmt"/>
      <line num="37" count="10" type="stmt"/>
    </file>
  </project>
</coverage>
