<?xml version="1.0" encoding="UTF-8"?>
<coverage generated="1763460297162" clover="3.2.0">
  <project timestamp="1763460297162" name="All files">
    <metrics statements="77" coveredstatements="70" conditionals="64" coveredconditionals="57" methods="20" coveredmethods="15" elements="161" coveredelements="142" complexity="0" loc="77" ncloc="77" packages="6" files="9" classes="9"/>
    <package name="components">
      <metrics statements="13" coveredstatements="11" conditionals="4" coveredconditionals="2" methods="8" coveredmethods="7"/>
      <file name="DetailBook.jsx" path="C:\Users\tuanv\Desktop\Doantesting\Software-Testing\frontend\src\components\DetailBook.jsx">
        <metrics statements="8" coveredstatements="7" conditionals="4" coveredconditionals="2" methods="4" coveredmethods="4"/>
        <line num="14" count="1" type="stmt"/>
        <line num="16" count="1" type="cond" truecount="2" falsecount="2"/>
        <line num="17" count="0" type="stmt"/>
        <line num="20" count="1" type="stmt"/>
        <line num="21" count="1" type="stmt"/>
        <line num="24" count="4" type="stmt"/>
        <line num="27" count="1" type="stmt"/>
        <line num="72" count="1" type="stmt"/>
      </file>
      <file name="Product.jsx" path="C:\Users\tuanv\Desktop\Doantesting\Software-Testing\frontend\src\components\Product.jsx">
        <metrics statements="3" coveredstatements="2" conditionals="0" coveredconditionals="0" methods="2" coveredmethods="1"/>
        <line num="2" count="2" type="stmt"/>
        <line num="4" count="2" type="stmt"/>
        <line num="7" count="0" type="stmt"/>
      </file>
      <file name="ProductList.jsx" path="C:\Users\tuanv\Desktop\Doantesting\Software-Testing\frontend\src\components\ProductList.jsx">
        <metrics statements="2" coveredstatements="2" conditionals="0" coveredconditionals="0" methods="2" coveredmethods="2"/>
        <line num="4" count="1" type="stmt"/>
        <line num="7" count="2" type="stmt"/>
      </file>
    </package>
    <package name="pages">
      <metrics statements="30" coveredstatements="25" conditionals="19" coveredconditionals="14" methods="9" coveredmethods="5"/>
      <file name="Login.jsx" path="C:\Users\tuanv\Desktop\Doantesting\Software-Testing\frontend\src\pages\Login.jsx">
        <metrics statements="30" coveredstatements="25" conditionals="19" coveredconditionals="14" methods="9" coveredmethods="5"/>
        <line num="9" count="73" type="stmt"/>
        <line num="10" count="73" type="stmt"/>
        <line num="11" count="73" type="stmt"/>
        <line num="12" count="73" type="stmt"/>
        <line num="13" count="73" type="stmt"/>
        <line num="14" count="73" type="stmt"/>
        <line num="15" count="73" type="stmt"/>
        <line num="18" count="0" type="cond" truecount="0" falsecount="2"/>
        <line num="19" count="0" type="stmt"/>
        <line num="23" count="5" type="stmt"/>
        <line num="24" count="5" type="cond" truecount="4" falsecount="0"/>
        <line num="28" count="4" type="stmt"/>
        <line num="29" count="4" type="stmt"/>
        <line num="31" count="4" type="stmt"/>
        <line num="32" count="4" type="stmt"/>
        <line num="39" count="1" type="stmt"/>
        <line num="40" count="1" type="stmt"/>
        <line num="41" count="1" type="stmt"/>
        <line num="43" count="4" type="cond" truecount="2" falsecount="0"/>
        <line num="48" count="3" type="stmt"/>
        <line num="50" count="1" type="stmt"/>
        <line num="54" count="1" type="stmt"/>
        <line num="55" count="1" type="stmt"/>
        <line num="59" count="73" type="stmt"/>
        <line num="101" count="23" type="stmt"/>
        <line num="127" count="0" type="stmt"/>
        <line num="133" count="0" type="stmt"/>
        <line num="146" count="35" type="stmt"/>
        <line num="152" count="0" type="stmt"/>
        <line num="167" count="5" type="stmt"/>
      </file>
    </package>
    <package name="styles.components">
      <metrics statements="0" coveredstatements="0" conditionals="0" coveredconditionals="0" methods="0" coveredmethods="0"/>
      <file name="DetailBook.css" path="C:\Users\tuanv\Desktop\Doantesting\Software-Testing\frontend\src\styles\components\DetailBook.css">
        <metrics statements="0" coveredstatements="0" conditionals="0" coveredconditionals="0" methods="0" coveredmethods="0"/>
      </file>
    </package>
    <package name="styles.pages">
      <metrics statements="0" coveredstatements="0" conditionals="0" coveredconditionals="0" methods="0" coveredmethods="0"/>
      <file name="Login.css" path="C:\Users\tuanv\Desktop\Doantesting\Software-Testing\frontend\src\styles\pages\Login.css">
        <metrics statements="0" coveredstatements="0" conditionals="0" coveredconditionals="0" methods="0" coveredmethods="0"/>
      </file>
    </package>
    <package name="utils.validateLogin">
      <metrics statements="23" coveredstatements="23" conditionals="22" coveredconditionals="22" methods="2" coveredmethods="2"/>
      <file name="validatePassword.js" path="C:\Users\tuanv\Desktop\Doantesting\Software-Testing\frontend\src\utils\validateLogin\validatePassword.js">
        <metrics statements="13" coveredstatements="13" conditionals="12" coveredconditionals="12" methods="1" coveredmethods="1"/>
        <line num="2" count="11" type="cond" truecount="4" falsecount="0"/>
        <line num="3" count="2" type="stmt"/>
        <line num="6" count="9" type="cond" truecount="2" falsecount="0"/>
        <line num="7" count="1" type="stmt"/>
        <line num="10" count="8" type="cond" truecount="2" falsecount="0"/>
        <line num="11" count="1" type="stmt"/>
        <line num="14" count="7" type="stmt"/>
        <line num="15" count="7" type="stmt"/>
        <line num="17" count="7" type="cond" truecount="2" falsecount="0"/>
        <line num="18" count="1" type="stmt"/>
        <line num="21" count="6" type="cond" truecount="2" falsecount="0"/>
        <line num="22" count="1" type="stmt"/>
        <line num="25" count="5" type="stmt"/>
      </file>
      <file name="validateUsername.js" path="C:\Users\tuanv\Desktop\Doantesting\Software-Testing\frontend\src\utils\validateLogin\validateUsername.js">
        <metrics statements="10" coveredstatements="10" conditionals="10" coveredconditionals="10" methods="1" coveredmethods="1"/>
        <line num="2" count="11" type="cond" truecount="4" falsecount="0"/>
        <line num="3" count="3" type="stmt"/>
        <line num="6" count="8" type="cond" truecount="2" falsecount="0"/>
        <line num="7" count="1" type="stmt"/>
        <line num="10" count="7" type="cond" truecount="2" falsecount="0"/>
        <line num="11" count="1" type="stmt"/>
        <line num="14" count="6" type="stmt"/>
        <line num="16" count="6" type="cond" truecount="2" falsecount="0"/>
        <line num="17" count="1" type="stmt"/>
        <line num="20" count="5" type="stmt"/>
      </file>
    </package>
    <package name="utils.validateProduct">
      <metrics statements="11" coveredstatements="11" conditionals="19" coveredconditionals="19" methods="1" coveredmethods="1"/>
      <file name="validateProduct.js" path="C:\Users\tuanv\Desktop\Doantesting\Software-Testing\frontend\src\utils\validateProduct\validateProduct.js">
        <metrics statements="11" coveredstatements="11" conditionals="19" coveredconditionals="19" methods="1" coveredmethods="1"/>
        <line num="2" count="8" type="cond" truecount="4" falsecount="0"/>
        <line num="3" count="1" type="stmt"/>
        <line num="5" count="7" type="cond" truecount="4" falsecount="0"/>
        <line num="6" count="2" type="stmt"/>
        <line num="8" count="5" type="cond" truecount="4" falsecount="0"/>
        <line num="9" count="2" type="stmt"/>
        <line num="11" count="3" type="cond" truecount="2" falsecount="0"/>
        <line num="12" count="1" type="stmt"/>
        <line num="14" count="2" type="cond" truecount="2" falsecount="0"/>
        <line num="19" count="1" type="stmt"/>
        <line num="21" count="1" type="stmt"/>
      </file>
    </package>
  </project>
</coverage>
