{"C:\\Users\\tuanv\\Desktop\\Doantesting\\Software-Testing\\frontend\\src\\utils\\validateProduct\\validateProduct.js": {"path":"C:\\Users\\tuanv\\Desktop\\Doantesting\\Software-Testing\\frontend\\src\\utils\\validateProduct\\validateProduct.js","statementMap":{"0":{"start":{"line":2,"column":17},"end":{"line":2,"column":19}},"1":{"start":{"line":4,"column":2},"end":{"line":11,"column":3}},"2":{"start":{"line":5,"column":4},"end":{"line":5,"column":49}},"3":{"start":{"line":6,"column":9},"end":{"line":11,"column":3}},"4":{"start":{"line":10,"column":4},"end":{"line":10,"column":66}},"5":{"start":{"line":13,"column":19},"end":{"line":13,"column":43}},"6":{"start":{"line":14,"column":2},"end":{"line":16,"column":3}},"7":{"start":{"line":15,"column":4},"end":{"line":15,"column":77}},"8":{"start":{"line":18,"column":16},"end":{"line":18,"column":37}},"9":{"start":{"line":19,"column":2},"end":{"line":21,"column":3}},"10":{"start":{"line":20,"column":4},"end":{"line":20,"column":76}},"11":{"start":{"line":23,"column":2},"end":{"line":25,"column":3}},"12":{"start":{"line":24,"column":4},"end":{"line":24,"column":55}},"13":{"start":{"line":26,"column":15},"end":{"line":26,"column":41}},"14":{"start":{"line":27,"column":2},"end":{"line":29,"column":3}},"15":{"start":{"line":28,"column":4},"end":{"line":28,"column":76}},"16":{"start":{"line":31,"column":26},"end":{"line":31,"column":76}},"17":{"start":{"line":33,"column":2},"end":{"line":35,"column":3}},"18":{"start":{"line":34,"column":4},"end":{"line":34,"column":41}},"19":{"start":{"line":37,"column":2},"end":{"line":37,"column":16}}},"fnMap":{"0":{"name":"validateProduct","decl":{"start":{"line":1,"column":16},"end":{"line":1,"column":31}},"loc":{"start":{"line":1,"column":41},"end":{"line":38,"column":1}},"line":1}},"branchMap":{"0":{"loc":{"start":{"line":4,"column":2},"end":{"line":11,"column":3}},"type":"if","locations":[{"start":{"line":4,"column":2},"end":{"line":11,"column":3}},{"start":{"line":6,"column":9},"end":{"line":11,"column":3}}],"line":4},"1":{"loc":{"start":{"line":4,"column":6},"end":{"line":4,"column":49}},"type":"binary-expr","locations":[{"start":{"line":4,"column":6},"end":{"line":4,"column":19}},{"start":{"line":4,"column":23},"end":{"line":4,"column":49}}],"line":4},"2":{"loc":{"start":{"line":6,"column":9},"end":{"line":11,"column":3}},"type":"if","locations":[{"start":{"line":6,"column":9},"end":{"line":11,"column":3}},{"start":{},"end":{}}],"line":6},"3":{"loc":{"start":{"line":7,"column":4},"end":{"line":8,"column":36}},"type":"binary-expr","locations":[{"start":{"line":7,"column":4},"end":{"line":7,"column":34}},{"start":{"line":8,"column":4},"end":{"line":8,"column":36}}],"line":7},"4":{"loc":{"start":{"line":14,"column":2},"end":{"line":16,"column":3}},"type":"if","locations":[{"start":{"line":14,"column":2},"end":{"line":16,"column":3}},{"start":{},"end":{}}],"line":14},"5":{"loc":{"start":{"line":14,"column":6},"end":{"line":14,"column":65}},"type":"binary-expr","locations":[{"start":{"line":14,"column":6},"end":{"line":14,"column":29}},{"start":{"line":14,"column":33},"end":{"line":14,"column":45}},{"start":{"line":14,"column":49},"end":{"line":14,"column":65}}],"line":14},"6":{"loc":{"start":{"line":19,"column":2},"end":{"line":21,"column":3}},"type":"if","locations":[{"start":{"line":19,"column":2},"end":{"line":21,"column":3}},{"start":{},"end":{}}],"line":19},"7":{"loc":{"start":{"line":19,"column":6},"end":{"line":19,"column":61}},"type":"binary-expr","locations":[{"start":{"line":19,"column":6},"end":{"line":19,"column":26}},{"start":{"line":19,"column":30},"end":{"line":19,"column":40}},{"start":{"line":19,"column":44},"end":{"line":19,"column":61}}],"line":19},"8":{"loc":{"start":{"line":23,"column":2},"end":{"line":25,"column":3}},"type":"if","locations":[{"start":{"line":23,"column":2},"end":{"line":25,"column":3}},{"start":{},"end":{}}],"line":23},"9":{"loc":{"start":{"line":23,"column":6},"end":{"line":23,"column":63}},"type":"binary-expr","locations":[{"start":{"line":23,"column":6},"end":{"line":23,"column":26}},{"start":{"line":23,"column":30},"end":{"line":23,"column":63}}],"line":23},"10":{"loc":{"start":{"line":27,"column":2},"end":{"line":29,"column":3}},"type":"if","locations":[{"start":{"line":27,"column":2},"end":{"line":29,"column":3}},{"start":{},"end":{}}],"line":27},"11":{"loc":{"start":{"line":33,"column":2},"end":{"line":35,"column":3}},"type":"if","locations":[{"start":{"line":33,"column":2},"end":{"line":35,"column":3}},{"start":{},"end":{}}],"line":33},"12":{"loc":{"start":{"line":33,"column":6},"end":{"line":33,"column":77}},"type":"binary-expr","locations":[{"start":{"line":33,"column":6},"end":{"line":33,"column":23}},{"start":{"line":33,"column":27},"end":{"line":33,"column":77}}],"line":33}},"s":{"0":10,"1":10,"2":1,"3":9,"4":2,"5":10,"6":10,"7":2,"8":10,"9":10,"10":2,"11":10,"12":0,"13":10,"14":10,"15":1,"16":10,"17":10,"18":1,"19":10},"f":{"0":10},"b":{"0":[1,9],"1":[10,9],"2":[2,7],"3":[9,8],"4":[2,8],"5":[10,10,9],"6":[2,8],"7":[10,10,9],"8":[0,10],"9":[10,10],"10":[1,9],"11":[1,9],"12":[10,10]},"meta":{"lastBranch":13,"lastFunction":1,"lastStatement":20,"seen":{"f:1:16:1:31":0,"s:2:17:2:19":0,"b:4:2:11:3:6:9:11:3":0,"s:4:2:11:3":1,"b:4:6:4:19:4:23:4:49":1,"s:5:4:5:49":2,"b:6:9:11:3:undefined:undefined:undefined:undefined":2,"s:6:9:11:3":3,"b:7:4:7:34:8:4:8:36":3,"s:10:4:10:66":4,"s:13:19:13:43":5,"b:14:2:16:3:undefined:undefined:undefined:undefined":4,"s:14:2:16:3":6,"b:14:6:14:29:14:33:14:45:14:49:14:65":5,"s:15:4:15:77":7,"s:18:16:18:37":8,"b:19:2:21:3:undefined:undefined:undefined:undefined":6,"s:19:2:21:3":9,"b:19:6:19:26:19:30:19:40:19:44:19:61":7,"s:20:4:20:76":10,"b:23:2:25:3:undefined:undefined:undefined:undefined":8,"s:23:2:25:3":11,"b:23:6:23:26:23:30:23:63":9,"s:24:4:24:55":12,"s:26:15:26:41":13,"b:27:2:29:3:undefined:undefined:undefined:undefined":10,"s:27:2:29:3":14,"s:28:4:28:76":15,"s:31:26:31:76":16,"b:33:2:35:3:undefined:undefined:undefined:undefined":11,"s:33:2:35:3":17,"b:33:6:33:23:33:27:33:77":12,"s:34:4:34:41":18,"s:37:2:37:16":19}}}
}
