{"C:\\Users\\tuanv\\Desktop\\Doantesting\\Software-Testing\\frontend\\src\\components\\DetailBook.jsx": {"path":"C:\\Users\\tuanv\\Desktop\\Doantesting\\Software-Testing\\frontend\\src\\components\\DetailBook.jsx","statementMap":{"0":{"start":{"line":14,"column":4},"end":{"line":14,"column":null}},"1":{"start":{"line":16,"column":4},"end":{"line":18,"column":null}},"2":{"start":{"line":17,"column":6},"end":{"line":17,"column":null}},"3":{"start":{"line":20,"column":4},"end":{"line":20,"column":null}},"4":{"start":{"line":21,"column":4},"end":{"line":21,"column":null}},"5":{"start":{"line":24,"column":2},"end":{"line":95,"column":null}},"6":{"start":{"line":27,"column":54},"end":{"line":27,"column":null}},"7":{"start":{"line":72,"column":60},"end":{"line":72,"column":null}}},"fnMap":{"0":{"name":"DetailBook","decl":{"start":{"line":4,"column":9},"end":{"line":4,"column":20}},"loc":{"start":{"line":12,"column":3},"end":{"line":97,"column":null}},"line":12},"1":{"name":"deleteButton","decl":{"start":{"line":13,"column":17},"end":{"line":13,"column":32}},"loc":{"start":{"line":13,"column":32},"end":{"line":22,"column":null}},"line":13},"2":{"name":"(anonymous_2)","decl":{"start":{"line":27,"column":48},"end":{"line":27,"column":54}},"loc":{"start":{"line":27,"column":54},"end":{"line":27,"column":null}},"line":27},"3":{"name":"(anonymous_3)","decl":{"start":{"line":72,"column":54},"end":{"line":72,"column":60}},"loc":{"start":{"line":72,"column":60},"end":{"line":72,"column":null}},"line":72}},"branchMap":{"0":{"loc":{"start":{"line":16,"column":4},"end":{"line":18,"column":null}},"type":"if","locations":[{"start":{"line":16,"column":4},"end":{"line":18,"column":null}},{"start":{},"end":{}}],"line":16},"1":{"loc":{"start":{"line":16,"column":8},"end":{"line":16,"column":50}},"type":"binary-expr","locations":[{"start":{"line":16,"column":8},"end":{"line":16,"column":33}},{"start":{"line":16,"column":33},"end":{"line":16,"column":50}}],"line":16}},"s":{"0":1,"1":1,"2":0,"3":1,"4":1,"5":4,"6":1,"7":1},"f":{"0":4,"1":1,"2":1,"3":1},"b":{"0":[0,1],"1":[1,0]},"meta":{"lastBranch":2,"lastFunction":4,"lastStatement":8,"seen":{"f:4:9:4:20":0,"f:13:17:13:32":1,"s:14:4:14:Infinity":0,"b:16:4:18:Infinity:undefined:undefined:undefined:undefined":0,"s:16:4:18:Infinity":1,"b:16:8:16:33:16:33:16:50":1,"s:17:6:17:Infinity":2,"s:20:4:20:Infinity":3,"s:21:4:21:Infinity":4,"s:24:2:95:Infinity":5,"f:27:48:27:54":2,"s:27:54:27:Infinity":6,"f:72:54:72:60":3,"s:72:60:72:Infinity":7}}}
,"C:\\Users\\tuanv\\Desktop\\Doantesting\\Software-Testing\\frontend\\src\\components\\Product.jsx": {"path":"C:\\Users\\tuanv\\Desktop\\Doantesting\\Software-Testing\\frontend\\src\\components\\Product.jsx","statementMap":{"0":{"start":{"line":2,"column":19},"end":{"line":2,"column":null}},"1":{"start":{"line":4,"column":2},"end":{"line":33,"column":null}},"2":{"start":{"line":7,"column":21},"end":{"line":7,"column":null}}},"fnMap":{"0":{"name":"Product","decl":{"start":{"line":1,"column":24},"end":{"line":1,"column":32}},"loc":{"start":{"line":1,"column":67},"end":{"line":35,"column":null}},"line":1},"1":{"name":"(anonymous_1)","decl":{"start":{"line":7,"column":15},"end":{"line":7,"column":21}},"loc":{"start":{"line":7,"column":21},"end":{"line":7,"column":null}},"line":7}},"branchMap":{},"s":{"0":2,"1":2,"2":0},"f":{"0":2,"1":0},"b":{},"meta":{"lastBranch":0,"lastFunction":2,"lastStatement":3,"seen":{"f:1:24:1:32":0,"s:2:19:2:Infinity":0,"s:4:2:33:Infinity":1,"f:7:15:7:21":1,"s:7:21:7:Infinity":2}}}
,"C:\\Users\\tuanv\\Desktop\\Doantesting\\Software-Testing\\frontend\\src\\components\\ProductList.jsx": {"path":"C:\\Users\\tuanv\\Desktop\\Doantesting\\Software-Testing\\frontend\\src\\components\\ProductList.jsx","statementMap":{"0":{"start":{"line":4,"column":2},"end":{"line":15,"column":null}},"1":{"start":{"line":7,"column":8},"end":{"line":12,"column":null}}},"fnMap":{"0":{"name":"ProductList","decl":{"start":{"line":3,"column":24},"end":{"line":3,"column":36}},"loc":{"start":{"line":3,"column":72},"end":{"line":17,"column":null}},"line":3},"1":{"name":"(anonymous_1)","decl":{"start":{"line":6,"column":20},"end":{"line":6,"column":21}},"loc":{"start":{"line":6,"column":33},"end":{"line":14,"column":7}},"line":6}},"branchMap":{},"s":{"0":1,"1":2},"f":{"0":1,"1":2},"b":{},"meta":{"lastBranch":0,"lastFunction":2,"lastStatement":2,"seen":{"f:3:24:3:36":0,"s:4:2:15:Infinity":0,"f:6:20:6:21":1,"s:7:8:12:Infinity":1}}}
,"C:\\Users\\tuanv\\Desktop\\Doantesting\\Software-Testing\\frontend\\src\\pages\\Login.jsx": {"path":"C:\\Users\\tuanv\\Desktop\\Doantesting\\Software-Testing\\frontend\\src\\pages\\Login.jsx","statementMap":{"0":{"start":{"line":9,"column":30},"end":{"line":9,"column":null}},"1":{"start":{"line":10,"column":30},"end":{"line":10,"column":null}},"2":{"start":{"line":11,"column":38},"end":{"line":11,"column":null}},"3":{"start":{"line":12,"column":40},"end":{"line":12,"column":null}},"4":{"start":{"line":13,"column":40},"end":{"line":13,"column":null}},"5":{"start":{"line":14,"column":34},"end":{"line":14,"column":null}},"6":{"start":{"line":15,"column":8},"end":{"line":15,"column":null}},"7":{"start":{"line":18,"column":4},"end":{"line":19,"column":null}},"8":{"start":{"line":18,"column":22},"end":{"line":18,"column":null}},"9":{"start":{"line":19,"column":9},"end":{"line":19,"column":null}},"10":{"start":{"line":23,"column":4},"end":{"line":23,"column":null}},"11":{"start":{"line":24,"column":4},"end":{"line":56,"column":null}},"12":{"start":{"line":28,"column":6},"end":{"line":28,"column":null}},"13":{"start":{"line":29,"column":6},"end":{"line":29,"column":null}},"14":{"start":{"line":31,"column":6},"end":{"line":52,"column":null}},"15":{"start":{"line":32,"column":25},"end":{"line":38,"column":null}},"16":{"start":{"line":39,"column":8},"end":{"line":39,"column":null}},"17":{"start":{"line":40,"column":8},"end":{"line":40,"column":null}},"18":{"start":{"line":41,"column":8},"end":{"line":41,"column":null}},"19":{"start":{"line":43,"column":8},"end":{"line":51,"column":null}},"20":{"start":{"line":48,"column":10},"end":{"line":48,"column":null}},"21":{"start":{"line":50,"column":10},"end":{"line":50,"column":null}},"22":{"start":{"line":54,"column":6},"end":{"line":54,"column":null}},"23":{"start":{"line":55,"column":6},"end":{"line":55,"column":null}},"24":{"start":{"line":59,"column":2},"end":{"line":180,"column":null}},"25":{"start":{"line":101,"column":33},"end":{"line":101,"column":null}},"26":{"start":{"line":127,"column":37},"end":{"line":127,"column":null}},"27":{"start":{"line":133,"column":35},"end":{"line":133,"column":null}},"28":{"start":{"line":146,"column":37},"end":{"line":146,"column":null}},"29":{"start":{"line":152,"column":35},"end":{"line":152,"column":null}},"30":{"start":{"line":167,"column":30},"end":{"line":167,"column":null}}},"fnMap":{"0":{"name":"Login","decl":{"start":{"line":8,"column":9},"end":{"line":8,"column":15}},"loc":{"start":{"line":8,"column":29},"end":{"line":182,"column":null}},"line":8},"1":{"name":"seenPassword","decl":{"start":{"line":17,"column":11},"end":{"line":17,"column":26}},"loc":{"start":{"line":17,"column":26},"end":{"line":20,"column":null}},"line":17},"2":{"name":"onSubmit","decl":{"start":{"line":22,"column":17},"end":{"line":22,"column":26}},"loc":{"start":{"line":22,"column":29},"end":{"line":57,"column":null}},"line":22},"3":{"name":"(anonymous_3)","decl":{"start":{"line":101,"column":26},"end":{"line":101,"column":27}},"loc":{"start":{"line":101,"column":33},"end":{"line":101,"column":null}},"line":101},"4":{"name":"(anonymous_4)","decl":{"start":{"line":127,"column":30},"end":{"line":127,"column":31}},"loc":{"start":{"line":127,"column":37},"end":{"line":127,"column":null}},"line":127},"5":{"name":"(anonymous_5)","decl":{"start":{"line":133,"column":29},"end":{"line":133,"column":35}},"loc":{"start":{"line":133,"column":35},"end":{"line":133,"column":null}},"line":133},"6":{"name":"(anonymous_6)","decl":{"start":{"line":146,"column":30},"end":{"line":146,"column":31}},"loc":{"start":{"line":146,"column":37},"end":{"line":146,"column":null}},"line":146},"7":{"name":"(anonymous_7)","decl":{"start":{"line":152,"column":29},"end":{"line":152,"column":35}},"loc":{"start":{"line":152,"column":35},"end":{"line":152,"column":null}},"line":152},"8":{"name":"(anonymous_8)","decl":{"start":{"line":167,"column":23},"end":{"line":167,"column":24}},"loc":{"start":{"line":167,"column":30},"end":{"line":167,"column":null}},"line":167}},"branchMap":{"0":{"loc":{"start":{"line":18,"column":4},"end":{"line":19,"column":null}},"type":"if","locations":[{"start":{"line":18,"column":4},"end":{"line":19,"column":null}},{"start":{"line":19,"column":9},"end":{"line":19,"column":null}}],"line":18},"1":{"loc":{"start":{"line":24,"column":4},"end":{"line":56,"column":null}},"type":"if","locations":[{"start":{"line":24,"column":4},"end":{"line":56,"column":null}},{"start":{"line":53,"column":11},"end":{"line":56,"column":null}}],"line":24},"2":{"loc":{"start":{"line":24,"column":4},"end":{"line":26,"column":null}},"type":"binary-expr","locations":[{"start":{"line":24,"column":4},"end":{"line":25,"column":null}},{"start":{"line":25,"column":37},"end":{"line":26,"column":null}}],"line":24},"3":{"loc":{"start":{"line":43,"column":8},"end":{"line":51,"column":null}},"type":"if","locations":[{"start":{"line":43,"column":8},"end":{"line":51,"column":null}},{"start":{"line":49,"column":15},"end":{"line":51,"column":null}}],"line":43},"4":{"loc":{"start":{"line":44,"column":10},"end":{"line":46,"column":null}},"type":"binary-expr","locations":[{"start":{"line":44,"column":10},"end":{"line":44,"column":null}},{"start":{"line":45,"column":10},"end":{"line":45,"column":null}},{"start":{"line":46,"column":10},"end":{"line":46,"column":null}}],"line":44},"5":{"loc":{"start":{"line":105,"column":13},"end":{"line":109,"column":null}},"type":"cond-expr","locations":[{"start":{"line":106,"column":14},"end":{"line":108,"column":null}},{"start":{"line":109,"column":16},"end":{"line":109,"column":null}}],"line":105},"6":{"loc":{"start":{"line":117,"column":15},"end":{"line":154,"column":null}},"type":"cond-expr","locations":[{"start":{"line":118,"column":16},"end":{"line":135,"column":null}},{"start":{"line":137,"column":16},"end":{"line":154,"column":null}}],"line":117},"7":{"loc":{"start":{"line":158,"column":13},"end":{"line":162,"column":null}},"type":"cond-expr","locations":[{"start":{"line":159,"column":14},"end":{"line":161,"column":null}},{"start":{"line":162,"column":16},"end":{"line":162,"column":null}}],"line":158},"8":{"loc":{"start":{"line":172,"column":13},"end":{"line":176,"column":null}},"type":"cond-expr","locations":[{"start":{"line":173,"column":14},"end":{"line":175,"column":null}},{"start":{"line":176,"column":16},"end":{"line":176,"column":null}}],"line":172}},"s":{"0":73,"1":73,"2":73,"3":73,"4":73,"5":73,"6":73,"7":0,"8":0,"9":0,"10":5,"11":5,"12":4,"13":4,"14":4,"15":4,"16":1,"17":1,"18":1,"19":4,"20":3,"21":1,"22":1,"23":1,"24":73,"25":23,"26":0,"27":0,"28":35,"29":0,"30":5},"f":{"0":73,"1":0,"2":5,"3":23,"4":0,"5":0,"6":35,"7":0,"8":5},"b":{"0":[0,0],"1":[4,1],"2":[5,4],"3":[3,1],"4":[4,3,3],"5":[73,0],"6":[0,73],"7":[73,0],"8":[4,69]},"meta":{"lastBranch":9,"lastFunction":9,"lastStatement":31,"seen":{"f:8:9:8:15":0,"s:9:30:9:Infinity":0,"s:10:30:10:Infinity":1,"s:11:38:11:Infinity":2,"s:12:40:12:Infinity":3,"s:13:40:13:Infinity":4,"s:14:34:14:Infinity":5,"s:15:8:15:Infinity":6,"f:17:11:17:26":1,"b:18:4:19:Infinity:19:9:19:Infinity":0,"s:18:4:19:Infinity":7,"s:18:22:18:Infinity":8,"s:19:9:19:Infinity":9,"f:22:17:22:26":2,"s:23:4:23:Infinity":10,"b:24:4:56:Infinity:53:11:56:Infinity":1,"s:24:4:56:Infinity":11,"b:24:4:25:Infinity:25:37:26:Infinity":2,"s:28:6:28:Infinity":12,"s:29:6:29:Infinity":13,"s:31:6:52:Infinity":14,"s:32:25:38:Infinity":15,"s:39:8:39:Infinity":16,"s:40:8:40:Infinity":17,"s:41:8:41:Infinity":18,"b:43:8:51:Infinity:49:15:51:Infinity":3,"s:43:8:51:Infinity":19,"b:44:10:44:Infinity:45:10:45:Infinity:46:10:46:Infinity":4,"s:48:10:48:Infinity":20,"s:50:10:50:Infinity":21,"s:54:6:54:Infinity":22,"s:55:6:55:Infinity":23,"s:59:2:180:Infinity":24,"f:101:26:101:27":3,"s:101:33:101:Infinity":25,"b:106:14:108:Infinity:109:16:109:Infinity":5,"b:118:16:135:Infinity:137:16:154:Infinity":6,"f:127:30:127:31":4,"s:127:37:127:Infinity":26,"f:133:29:133:35":5,"s:133:35:133:Infinity":27,"f:146:30:146:31":6,"s:146:37:146:Infinity":28,"f:152:29:152:35":7,"s:152:35:152:Infinity":29,"b:159:14:161:Infinity:162:16:162:Infinity":7,"f:167:23:167:24":8,"s:167:30:167:Infinity":30,"b:173:14:175:Infinity:176:16:176:Infinity":8}}}
,"C:\\Users\\tuanv\\Desktop\\Doantesting\\Software-Testing\\frontend\\src\\styles\\components\\DetailBook.css": {"path":"C:\\Users\\tuanv\\Desktop\\Doantesting\\Software-Testing\\frontend\\src\\styles\\components\\DetailBook.css","statementMap":{},"fnMap":{},"branchMap":{},"s":{},"f":{},"b":{},"meta":{"lastBranch":0,"lastFunction":0,"lastStatement":0,"seen":{}}}
,"C:\\Users\\tuanv\\Desktop\\Doantesting\\Software-Testing\\frontend\\src\\styles\\pages\\Login.css": {"path":"C:\\Users\\tuanv\\Desktop\\Doantesting\\Software-Testing\\frontend\\src\\styles\\pages\\Login.css","statementMap":{},"fnMap":{},"branchMap":{},"s":{},"f":{},"b":{},"meta":{"lastBranch":0,"lastFunction":0,"lastStatement":0,"seen":{}}}
,"C:\\Users\\tuanv\\Desktop\\Doantesting\\Software-Testing\\frontend\\src\\utils\\validateLogin\\validatePassword.js": {"path":"C:\\Users\\tuanv\\Desktop\\Doantesting\\Software-Testing\\frontend\\src\\utils\\validateLogin\\validatePassword.js","statementMap":{"0":{"start":{"line":2,"column":2},"end":{"line":4,"column":3}},"1":{"start":{"line":3,"column":4},"end":{"line":3,"column":27}},"2":{"start":{"line":6,"column":2},"end":{"line":8,"column":3}},"3":{"start":{"line":7,"column":4},"end":{"line":7,"column":31}},"4":{"start":{"line":10,"column":2},"end":{"line":12,"column":3}},"5":{"start":{"line":11,"column":4},"end":{"line":11,"column":30}},"6":{"start":{"line":14,"column":20},"end":{"line":14,"column":45}},"7":{"start":{"line":15,"column":20},"end":{"line":15,"column":42}},"8":{"start":{"line":17,"column":2},"end":{"line":19,"column":3}},"9":{"start":{"line":18,"column":4},"end":{"line":18,"column":35}},"10":{"start":{"line":21,"column":2},"end":{"line":23,"column":3}},"11":{"start":{"line":22,"column":4},"end":{"line":22,"column":34}},"12":{"start":{"line":25,"column":2},"end":{"line":25,"column":27}}},"fnMap":{"0":{"name":"validatePassword","decl":{"start":{"line":1,"column":16},"end":{"line":1,"column":32}},"loc":{"start":{"line":1,"column":43},"end":{"line":26,"column":1}},"line":1}},"branchMap":{"0":{"loc":{"start":{"line":2,"column":2},"end":{"line":4,"column":3}},"type":"if","locations":[{"start":{"line":2,"column":2},"end":{"line":4,"column":3}},{"start":{},"end":{}}],"line":2},"1":{"loc":{"start":{"line":2,"column":6},"end":{"line":2,"column":41}},"type":"binary-expr","locations":[{"start":{"line":2,"column":6},"end":{"line":2,"column":15}},{"start":{"line":2,"column":19},"end":{"line":2,"column":41}}],"line":2},"2":{"loc":{"start":{"line":6,"column":2},"end":{"line":8,"column":3}},"type":"if","locations":[{"start":{"line":6,"column":2},"end":{"line":8,"column":3}},{"start":{},"end":{}}],"line":6},"3":{"loc":{"start":{"line":10,"column":2},"end":{"line":12,"column":3}},"type":"if","locations":[{"start":{"line":10,"column":2},"end":{"line":12,"column":3}},{"start":{},"end":{}}],"line":10},"4":{"loc":{"start":{"line":17,"column":2},"end":{"line":19,"column":3}},"type":"if","locations":[{"start":{"line":17,"column":2},"end":{"line":19,"column":3}},{"start":{},"end":{}}],"line":17},"5":{"loc":{"start":{"line":21,"column":2},"end":{"line":23,"column":3}},"type":"if","locations":[{"start":{"line":21,"column":2},"end":{"line":23,"column":3}},{"start":{},"end":{}}],"line":21}},"s":{"0":11,"1":2,"2":9,"3":1,"4":8,"5":1,"6":7,"7":7,"8":7,"9":1,"10":6,"11":1,"12":5},"f":{"0":11},"b":{"0":[2,9],"1":[11,9],"2":[1,8],"3":[1,7],"4":[1,6],"5":[1,5]},"meta":{"lastBranch":6,"lastFunction":1,"lastStatement":13,"seen":{"f:1:16:1:32":0,"b:2:2:4:3:undefined:undefined:undefined:undefined":0,"s:2:2:4:3":0,"b:2:6:2:15:2:19:2:41":1,"s:3:4:3:27":1,"b:6:2:8:3:undefined:undefined:undefined:undefined":2,"s:6:2:8:3":2,"s:7:4:7:31":3,"b:10:2:12:3:undefined:undefined:undefined:undefined":3,"s:10:2:12:3":4,"s:11:4:11:30":5,"s:14:20:14:45":6,"s:15:20:15:42":7,"b:17:2:19:3:undefined:undefined:undefined:undefined":4,"s:17:2:19:3":8,"s:18:4:18:35":9,"b:21:2:23:3:undefined:undefined:undefined:undefined":5,"s:21:2:23:3":10,"s:22:4:22:34":11,"s:25:2:25:27":12}}}
,"C:\\Users\\tuanv\\Desktop\\Doantesting\\Software-Testing\\frontend\\src\\utils\\validateLogin\\validateUsername.js": {"path":"C:\\Users\\tuanv\\Desktop\\Doantesting\\Software-Testing\\frontend\\src\\utils\\validateLogin\\validateUsername.js","statementMap":{"0":{"start":{"line":2,"column":2},"end":{"line":4,"column":3}},"1":{"start":{"line":3,"column":4},"end":{"line":3,"column":27}},"2":{"start":{"line":6,"column":2},"end":{"line":8,"column":3}},"3":{"start":{"line":7,"column":4},"end":{"line":7,"column":31}},"4":{"start":{"line":10,"column":2},"end":{"line":12,"column":3}},"5":{"start":{"line":11,"column":4},"end":{"line":11,"column":30}},"6":{"start":{"line":14,"column":29},"end":{"line":14,"column":63}},"7":{"start":{"line":16,"column":2},"end":{"line":18,"column":3}},"8":{"start":{"line":17,"column":4},"end":{"line":17,"column":41}},"9":{"start":{"line":20,"column":2},"end":{"line":20,"column":27}}},"fnMap":{"0":{"name":"validateUsername","decl":{"start":{"line":1,"column":16},"end":{"line":1,"column":32}},"loc":{"start":{"line":1,"column":43},"end":{"line":21,"column":1}},"line":1}},"branchMap":{"0":{"loc":{"start":{"line":2,"column":2},"end":{"line":4,"column":3}},"type":"if","locations":[{"start":{"line":2,"column":2},"end":{"line":4,"column":3}},{"start":{},"end":{}}],"line":2},"1":{"loc":{"start":{"line":2,"column":6},"end":{"line":2,"column":41}},"type":"binary-expr","locations":[{"start":{"line":2,"column":6},"end":{"line":2,"column":15}},{"start":{"line":2,"column":19},"end":{"line":2,"column":41}}],"line":2},"2":{"loc":{"start":{"line":6,"column":2},"end":{"line":8,"column":3}},"type":"if","locations":[{"start":{"line":6,"column":2},"end":{"line":8,"column":3}},{"start":{},"end":{}}],"line":6},"3":{"loc":{"start":{"line":10,"column":2},"end":{"line":12,"column":3}},"type":"if","locations":[{"start":{"line":10,"column":2},"end":{"line":12,"column":3}},{"start":{},"end":{}}],"line":10},"4":{"loc":{"start":{"line":16,"column":2},"end":{"line":18,"column":3}},"type":"if","locations":[{"start":{"line":16,"column":2},"end":{"line":18,"column":3}},{"start":{},"end":{}}],"line":16}},"s":{"0":11,"1":3,"2":8,"3":1,"4":7,"5":1,"6":6,"7":6,"8":1,"9":5},"f":{"0":11},"b":{"0":[3,8],"1":[11,8],"2":[1,7],"3":[1,6],"4":[1,5]},"meta":{"lastBranch":5,"lastFunction":1,"lastStatement":10,"seen":{"f:1:16:1:32":0,"b:2:2:4:3:undefined:undefined:undefined:undefined":0,"s:2:2:4:3":0,"b:2:6:2:15:2:19:2:41":1,"s:3:4:3:27":1,"b:6:2:8:3:undefined:undefined:undefined:undefined":2,"s:6:2:8:3":2,"s:7:4:7:31":3,"b:10:2:12:3:undefined:undefined:undefined:undefined":3,"s:10:2:12:3":4,"s:11:4:11:30":5,"s:14:29:14:63":6,"b:16:2:18:3:undefined:undefined:undefined:undefined":4,"s:16:2:18:3":7,"s:17:4:17:41":8,"s:20:2:20:27":9}}}
,"C:\\Users\\tuanv\\Desktop\\Doantesting\\Software-Testing\\frontend\\src\\utils\\validateProduct\\validateProduct.js": {"path":"C:\\Users\\tuanv\\Desktop\\Doantesting\\Software-Testing\\frontend\\src\\utils\\validateProduct\\validateProduct.js","statementMap":{"0":{"start":{"line":2,"column":2},"end":{"line":4,"column":3}},"1":{"start":{"line":3,"column":4},"end":{"line":3,"column":31}},"2":{"start":{"line":5,"column":2},"end":{"line":7,"column":3}},"3":{"start":{"line":6,"column":4},"end":{"line":6,"column":52}},"4":{"start":{"line":8,"column":2},"end":{"line":10,"column":3}},"5":{"start":{"line":9,"column":4},"end":{"line":9,"column":51}},"6":{"start":{"line":11,"column":2},"end":{"line":13,"column":3}},"7":{"start":{"line":12,"column":4},"end":{"line":12,"column":42}},"8":{"start":{"line":14,"column":2},"end":{"line":20,"column":3}},"9":{"start":{"line":19,"column":4},"end":{"line":19,"column":59}},"10":{"start":{"line":21,"column":2},"end":{"line":21,"column":27}}},"fnMap":{"0":{"name":"validateProduct","decl":{"start":{"line":1,"column":16},"end":{"line":1,"column":31}},"loc":{"start":{"line":1,"column":41},"end":{"line":22,"column":1}},"line":1}},"branchMap":{"0":{"loc":{"start":{"line":2,"column":2},"end":{"line":4,"column":3}},"type":"if","locations":[{"start":{"line":2,"column":2},"end":{"line":4,"column":3}},{"start":{},"end":{}}],"line":2},"1":{"loc":{"start":{"line":2,"column":6},"end":{"line":2,"column":49}},"type":"binary-expr","locations":[{"start":{"line":2,"column":6},"end":{"line":2,"column":19}},{"start":{"line":2,"column":23},"end":{"line":2,"column":49}}],"line":2},"2":{"loc":{"start":{"line":5,"column":2},"end":{"line":7,"column":3}},"type":"if","locations":[{"start":{"line":5,"column":2},"end":{"line":7,"column":3}},{"start":{},"end":{}}],"line":5},"3":{"loc":{"start":{"line":5,"column":6},"end":{"line":5,"column":54}},"type":"binary-expr","locations":[{"start":{"line":5,"column":6},"end":{"line":5,"column":26}},{"start":{"line":5,"column":30},"end":{"line":5,"column":54}}],"line":5},"4":{"loc":{"start":{"line":8,"column":2},"end":{"line":10,"column":3}},"type":"if","locations":[{"start":{"line":8,"column":2},"end":{"line":10,"column":3}},{"start":{},"end":{}}],"line":8},"5":{"loc":{"start":{"line":8,"column":6},"end":{"line":8,"column":52}},"type":"binary-expr","locations":[{"start":{"line":8,"column":6},"end":{"line":8,"column":23}},{"start":{"line":8,"column":27},"end":{"line":8,"column":52}}],"line":8},"6":{"loc":{"start":{"line":11,"column":2},"end":{"line":13,"column":3}},"type":"if","locations":[{"start":{"line":11,"column":2},"end":{"line":13,"column":3}},{"start":{},"end":{}}],"line":11},"7":{"loc":{"start":{"line":14,"column":2},"end":{"line":20,"column":3}},"type":"if","locations":[{"start":{"line":14,"column":2},"end":{"line":20,"column":3}},{"start":{},"end":{}}],"line":14},"8":{"loc":{"start":{"line":15,"column":4},"end":{"line":17,"column":39}},"type":"binary-expr","locations":[{"start":{"line":15,"column":4},"end":{"line":15,"column":39}},{"start":{"line":16,"column":4},"end":{"line":16,"column":39}},{"start":{"line":17,"column":4},"end":{"line":17,"column":39}}],"line":15}},"s":{"0":8,"1":1,"2":7,"3":2,"4":5,"5":2,"6":3,"7":1,"8":2,"9":1,"10":1},"f":{"0":8},"b":{"0":[1,7],"1":[8,7],"2":[2,5],"3":[7,6],"4":[2,3],"5":[5,4],"6":[1,2],"7":[1,1],"8":[2,1,1]},"meta":{"lastBranch":9,"lastFunction":1,"lastStatement":11,"seen":{"f:1:16:1:31":0,"b:2:2:4:3:undefined:undefined:undefined:undefined":0,"s:2:2:4:3":0,"b:2:6:2:19:2:23:2:49":1,"s:3:4:3:31":1,"b:5:2:7:3:undefined:undefined:undefined:undefined":2,"s:5:2:7:3":2,"b:5:6:5:26:5:30:5:54":3,"s:6:4:6:52":3,"b:8:2:10:3:undefined:undefined:undefined:undefined":4,"s:8:2:10:3":4,"b:8:6:8:23:8:27:8:52":5,"s:9:4:9:51":5,"b:11:2:13:3:undefined:undefined:undefined:undefined":6,"s:11:2:13:3":6,"s:12:4:12:42":7,"b:14:2:20:3:undefined:undefined:undefined:undefined":7,"s:14:2:20:3":8,"b:15:4:15:39:16:4:16:39:17:4:17:39":8,"s:19:4:19:59":9,"s:21:2:21:27":10}}}
}
